automake: warning: autoconf input should be named 'configure.ac', not 'configure.in'
configure.in:105: warning: AC_LANG_CONFTEST: no AC_LANG_SOURCE call detected in body
../../lib/autoconf/lang.m4:193: AC_LANG_CONFTEST is expanded from...
../../lib/autoconf/general.m4:2601: _AC_COMPILE_IFELSE is expanded from...
../../lib/autoconf/general.m4:2617: AC_COMPILE_IFELSE is expanded from...
../../lib/m4sugar/m4sh.m4:639: AS_IF is expanded from...
configure.in:105: the top level
configure.in:105: warning: AC_LANG_CONFTEST: no AC_LANG_SOURCE call detected in body
../../lib/autoconf/lang.m4:193: AC_LANG_CONFTEST is expanded from...
../../lib/autoconf/general.m4:2601: _AC_COMPILE_IFELSE is expanded from...
../../lib/autoconf/general.m4:2617: AC_COMPILE_IFELSE is expanded from...
../../lib/m4sugar/m4sh.m4:639: AS_IF is expanded from...
../../lib/autoconf/general.m4:2601: _AC_COMPILE_IFELSE is expanded from...
../../lib/autoconf/general.m4:2617: AC_COMPILE_IFELSE is expanded from...
../../lib/m4sugar/m4sh.m4:639: AS_IF is expanded from...
configure.in:105: the top level
configure.in:142: warning: AC_LANG_CONFTEST: no AC_LANG_SOURCE call detected in body
../../lib/autoconf/lang.m4:193: AC_LANG_CONFTEST is expanded from...
../../lib/autoconf/general.m4:2601: _AC_COMPILE_IFELSE is expanded from...
../../lib/autoconf/general.m4:2617: AC_COMPILE_IFELSE is expanded from...
../../lib/m4sugar/m4sh.m4:639: AS_IF is expanded from...
../../lib/autoconf/general.m4:2042: AC_CACHE_VAL is expanded from...
../../lib/autoconf/general.m4:2063: AC_CACHE_CHECK is expanded from...
configure.in:142: the top level
configure.in:150: warning: AC_LANG_CONFTEST: no AC_LANG_SOURCE call detected in body
../../lib/autoconf/lang.m4:193: AC_LANG_CONFTEST is expanded from...
../../lib/autoconf/general.m4:2601: _AC_COMPILE_IFELSE is expanded from...
../../lib/autoconf/general.m4:2617: AC_COMPILE_IFELSE is expanded from...
../../lib/m4sugar/m4sh.m4:639: AS_IF is expanded from...
../../lib/autoconf/general.m4:2042: AC_CACHE_VAL is expanded from...
../../lib/autoconf/general.m4:2063: AC_CACHE_CHECK is expanded from...
configure.in:150: the top level
Makefile.am: installing './INSTALL'
automake: warning: autoconf input should be named 'configure.ac', not 'configure.in'
