This file contains any messages produced by compilers while
running configure, to aid debugging if configure makes a mistake.

It was created by reSID configure 1.0-pre2, which was
generated by GNU Autoconf 2.69.  Invocation command line was

  $ ./configure --disable-option-checking --prefix=/usr/local --enable-sdlui --with-sdlsound --without-png --target=wasm32-unknown-emscripten target_alias=wasm32-unknown-emscripten CC=/home/adminbrad/prog/vic20/emsdk/upstream/emscripten/emcc CXX=/home/adminbrad/prog/vic20/emsdk/upstream/emscripten/em++ --cache-file=/dev/null --srcdir=.

## --------- ##
## Platform. ##
## --------- ##

hostname = adminbrad-VirtualBox
uname -m = x86_64
uname -r = 4.15.0-109-generic
uname -s = Linux
uname -v = #110-Ubuntu SMP Tue Jun 23 02:39:32 UTC 2020

/usr/bin/uname -p = unknown
/bin/uname -X     = unknown

/bin/arch              = unknown
/usr/bin/arch -k       = unknown
/usr/convex/getsysinfo = unknown
/usr/bin/hostinfo      = unknown
/bin/machine           = unknown
/usr/bin/oslevel       = unknown
/bin/universe          = unknown

PATH: /home/adminbrad/prog/vic20/emsdk/upstream/emscripten/system/bin
PATH: /home/adminbrad/prog/vic20/emsdk
PATH: /home/adminbrad/prog/vic20/emsdk/upstream/emscripten
PATH: /home/adminbrad/prog/vic20/emsdk/node/12.18.1_64bit/bin
PATH: /usr/local/sbin
PATH: /usr/local/bin
PATH: /usr/sbin
PATH: /usr/bin
PATH: /sbin
PATH: /bin
PATH: /usr/games
PATH: /usr/local/games
PATH: /snap/bin


## ----------- ##
## Core tests. ##
## ----------- ##

configure:2306: checking for a BSD-compatible install
configure:2374: result: /usr/bin/install -c
configure:2385: checking whether build environment is sane
configure:2440: result: yes
configure:2591: checking for a thread-safe mkdir -p
configure:2630: result: /bin/mkdir -p
configure:2637: checking for gawk
configure:2667: result: no
configure:2637: checking for mawk
configure:2653: found /usr/bin/mawk
configure:2664: result: mawk
configure:2675: checking whether make sets $(MAKE)
configure:2697: result: yes
configure:2726: checking whether make supports nested variables
configure:2743: result: yes
configure:2882: checking build system type
configure:2896: result: x86_64-pc-linux-gnu
configure:2916: checking host system type
configure:2929: result: x86_64-pc-linux-gnu
configure:3131: checking for C++ compiler version
configure:3140: /home/adminbrad/prog/vic20/emsdk/upstream/emscripten/em++ --version >&5
emcc (Emscripten gcc/clang-like replacement) 2.0.4 (3047b77ed244ea8f3cb3ee7b18c0f89079ae6554)
Copyright (C) 2014 the Emscripten authors (see AUTHORS.txt)
This is free and open source software under the MIT license.
There is NO warranty; not even for MERCHANTABILITY or FITNESS FOR A PARTICULAR PURPOSE.
  
configure:3151: $? = 0
configure:3140: /home/adminbrad/prog/vic20/emsdk/upstream/emscripten/em++ -v >&5
clang version 12.0.0 (/b/s/w/ir/cache/git/chromium.googlesource.com-external-github.com-llvm-llvm--project 77152a6b7ac07ce65568d7c69305653e7cad4bb0)
Target: x86_64-unknown-linux-gnu
Thread model: posix
InstalledDir: /home/adminbrad/prog/vic20/emsdk/upstream/bin
Found candidate GCC installation: /usr/lib/gcc/x86_64-linux-gnu/7
Found candidate GCC installation: /usr/lib/gcc/x86_64-linux-gnu/7.5.0
Found candidate GCC installation: /usr/lib/gcc/x86_64-linux-gnu/8
Selected GCC installation: /usr/lib/gcc/x86_64-linux-gnu/7.5.0
Candidate multilib: .;@m64
Selected multilib: .;@m64
... rest of stderr output deleted ...
configure:3151: $? = 0
configure:3140: /home/adminbrad/prog/vic20/emsdk/upstream/emscripten/em++ -V >&5
em++: error: no input files
configure:3151: $? = 1
configure:3140: /home/adminbrad/prog/vic20/emsdk/upstream/emscripten/em++ -qversion >&5
em++: error: no input files
configure:3151: $? = 1
configure:3171: checking whether the C++ compiler works
configure:3193: /home/adminbrad/prog/vic20/emsdk/upstream/emscripten/em++    conftest.cpp  >&5
configure:3197: $? = 0
configure:3245: result: yes
configure:3248: checking for C++ compiler default output file name
configure:3250: result: a.out
configure:3256: checking for suffix of executables
configure:3263: /home/adminbrad/prog/vic20/emsdk/upstream/emscripten/em++ -o conftest    conftest.cpp  >&5
configure:3267: $? = 0
configure:3289: result: 
configure:3311: checking whether we are cross compiling
configure:3319: /home/adminbrad/prog/vic20/emsdk/upstream/emscripten/em++ -o conftest    conftest.cpp  >&5
configure:3323: $? = 0
configure:3330: ./conftest
configure:3334: $? = 0
configure:3349: result: no
configure:3354: checking for suffix of object files
configure:3376: /home/adminbrad/prog/vic20/emsdk/upstream/emscripten/em++ -c   conftest.cpp >&5
configure:3380: $? = 0
configure:3401: result: o
configure:3405: checking whether we are using the GNU C++ compiler
configure:3424: /home/adminbrad/prog/vic20/emsdk/upstream/emscripten/em++ -c   conftest.cpp >&5
configure:3424: $? = 0
configure:3433: result: yes
configure:3442: checking whether /home/adminbrad/prog/vic20/emsdk/upstream/emscripten/em++ accepts -g
configure:3462: /home/adminbrad/prog/vic20/emsdk/upstream/emscripten/em++ -c -g  conftest.cpp >&5
configure:3462: $? = 0
configure:3503: result: yes
configure:3537: checking for style of include used by make
configure:3565: result: GNU
configure:3591: checking dependency style of /home/adminbrad/prog/vic20/emsdk/upstream/emscripten/em++
configure:3702: result: gcc3
configure:3722: checking if the compiler supports -march=native
configure:3738: /home/adminbrad/prog/vic20/emsdk/upstream/emscripten/em++ -c -g -O2 -march=native  conftest.cpp >&5
configure:3738: $? = 0
configure:3739: result: yes
configure:3782: checking whether g++ accepts -g -Wall -O3 -march=native -ffast-math -fno-exceptions
configure:3788: /home/adminbrad/prog/vic20/emsdk/upstream/emscripten/em++ -c -g -Wall -O3 -march=native -ffast-math -fno-exceptions  conftest.cpp >&5
configure:3788: $? = 0
configure:3789: result: yes
configure:3824: checking for ar
configure:3852: result: /home/adminbrad/prog/vic20/emsdk/upstream/emscripten/emar
configure:3903: checking for ranlib
configure:3930: result: /home/adminbrad/prog/vic20/emsdk/upstream/emscripten/emranlib
configure:3954: checking for perl
configure:3972: found /usr/bin/perl
configure:3984: result: /usr/bin/perl
configure:3999: checking how to run the C++ preprocessor
configure:4026: /home/adminbrad/prog/vic20/emsdk/upstream/emscripten/em++ -E  conftest.cpp
configure:4026: $? = 0
configure:4040: /home/adminbrad/prog/vic20/emsdk/upstream/emscripten/em++ -E  conftest.cpp
conftest.cpp:11:10: fatal error: 'ac_nonexistent.h' file not found
#include <ac_nonexistent.h>
         ^~~~~~~~~~~~~~~~~~
1 error generated.
configure:4040: $? = 1
configure: failed program was:
| /* confdefs.h */
| #define PACKAGE_NAME "reSID"
| #define PACKAGE_TARNAME "resid"
| #define PACKAGE_VERSION "1.0-pre2"
| #define PACKAGE_STRING "reSID 1.0-pre2"
| #define PACKAGE_BUGREPORT "resid@nimrod.no"
| #define PACKAGE_URL ""
| #define PACKAGE "resid"
| #define VERSION "1.0-pre2"
| /* end confdefs.h.  */
| #include <ac_nonexistent.h>
configure:4065: result: /home/adminbrad/prog/vic20/emsdk/upstream/emscripten/em++ -E
configure:4085: /home/adminbrad/prog/vic20/emsdk/upstream/emscripten/em++ -E  conftest.cpp
configure:4085: $? = 0
configure:4099: /home/adminbrad/prog/vic20/emsdk/upstream/emscripten/em++ -E  conftest.cpp
conftest.cpp:11:10: fatal error: 'ac_nonexistent.h' file not found
#include <ac_nonexistent.h>
         ^~~~~~~~~~~~~~~~~~
1 error generated.
configure:4099: $? = 1
configure: failed program was:
| /* confdefs.h */
| #define PACKAGE_NAME "reSID"
| #define PACKAGE_TARNAME "resid"
| #define PACKAGE_VERSION "1.0-pre2"
| #define PACKAGE_STRING "reSID 1.0-pre2"
| #define PACKAGE_BUGREPORT "resid@nimrod.no"
| #define PACKAGE_URL ""
| #define PACKAGE "resid"
| #define VERSION "1.0-pre2"
| /* end confdefs.h.  */
| #include <ac_nonexistent.h>
configure:4128: checking for grep that handles long lines and -e
configure:4186: result: /bin/grep
configure:4191: checking for egrep
configure:4253: result: /bin/grep -E
configure:4258: checking for ANSI C header files
configure:4278: /home/adminbrad/prog/vic20/emsdk/upstream/emscripten/em++ -c -g -Wall -O3 -march=native -ffast-math -fno-exceptions  conftest.cpp >&5
configure:4278: $? = 0
configure:4351: /home/adminbrad/prog/vic20/emsdk/upstream/emscripten/em++ -o conftest -g -Wall -O3 -march=native -ffast-math -fno-exceptions   conftest.cpp  >&5
configure:4351: $? = 0
configure:4351: ./conftest
configure:4351: $? = 0
configure:4362: result: yes
configure:4375: checking for sys/types.h
configure:4375: /home/adminbrad/prog/vic20/emsdk/upstream/emscripten/em++ -c -g -Wall -O3 -march=native -ffast-math -fno-exceptions  conftest.cpp >&5
configure:4375: $? = 0
configure:4375: result: yes
configure:4375: checking for sys/stat.h
configure:4375: /home/adminbrad/prog/vic20/emsdk/upstream/emscripten/em++ -c -g -Wall -O3 -march=native -ffast-math -fno-exceptions  conftest.cpp >&5
configure:4375: $? = 0
configure:4375: result: yes
configure:4375: checking for stdlib.h
configure:4375: /home/adminbrad/prog/vic20/emsdk/upstream/emscripten/em++ -c -g -Wall -O3 -march=native -ffast-math -fno-exceptions  conftest.cpp >&5
configure:4375: $? = 0
configure:4375: result: yes
configure:4375: checking for string.h
configure:4375: /home/adminbrad/prog/vic20/emsdk/upstream/emscripten/em++ -c -g -Wall -O3 -march=native -ffast-math -fno-exceptions  conftest.cpp >&5
configure:4375: $? = 0
configure:4375: result: yes
configure:4375: checking for memory.h
configure:4375: /home/adminbrad/prog/vic20/emsdk/upstream/emscripten/em++ -c -g -Wall -O3 -march=native -ffast-math -fno-exceptions  conftest.cpp >&5
configure:4375: $? = 0
configure:4375: result: yes
configure:4375: checking for strings.h
configure:4375: /home/adminbrad/prog/vic20/emsdk/upstream/emscripten/em++ -c -g -Wall -O3 -march=native -ffast-math -fno-exceptions  conftest.cpp >&5
configure:4375: $? = 0
configure:4375: result: yes
configure:4375: checking for inttypes.h
configure:4375: /home/adminbrad/prog/vic20/emsdk/upstream/emscripten/em++ -c -g -Wall -O3 -march=native -ffast-math -fno-exceptions  conftest.cpp >&5
configure:4375: $? = 0
configure:4375: result: yes
configure:4375: checking for stdint.h
configure:4375: /home/adminbrad/prog/vic20/emsdk/upstream/emscripten/em++ -c -g -Wall -O3 -march=native -ffast-math -fno-exceptions  conftest.cpp >&5
configure:4375: $? = 0
configure:4375: result: yes
configure:4375: checking for unistd.h
configure:4375: /home/adminbrad/prog/vic20/emsdk/upstream/emscripten/em++ -c -g -Wall -O3 -march=native -ffast-math -fno-exceptions  conftest.cpp >&5
configure:4375: $? = 0
configure:4375: result: yes
configure:4387: checking math.h usability
configure:4387: /home/adminbrad/prog/vic20/emsdk/upstream/emscripten/em++ -c -g -Wall -O3 -march=native -ffast-math -fno-exceptions  conftest.cpp >&5
configure:4387: $? = 0
configure:4387: result: yes
configure:4387: checking math.h presence
configure:4387: /home/adminbrad/prog/vic20/emsdk/upstream/emscripten/em++ -E  conftest.cpp
configure:4387: $? = 0
configure:4387: result: yes
configure:4387: checking for math.h
configure:4387: result: yes
configure:4400: checking size of int
configure:4405: /home/adminbrad/prog/vic20/emsdk/upstream/emscripten/em++ -o conftest -g -Wall -O3 -march=native -ffast-math -fno-exceptions   conftest.cpp  >&5
configure:4405: $? = 0
configure:4405: ./conftest
configure:4405: $? = 0
configure:4419: result: 4
configure:4434: checking for working bool
configure:4443: /home/adminbrad/prog/vic20/emsdk/upstream/emscripten/em++ -c -g -Wall -O3 -march=native -ffast-math -fno-exceptions  conftest.cpp >&5
configure:4443: $? = 0
configure:4450: result: yes
configure:4461: checking for __builtin_expect
configure:4470: /home/adminbrad/prog/vic20/emsdk/upstream/emscripten/em++ -c -g -Wall -O3 -march=native -ffast-math -fno-exceptions  conftest.cpp >&5
conftest.cpp:22:14: warning: ignoring return value of function declared with const attribute [-Wunused-value]
int main() { __builtin_expect(0, 0); }
             ^~~~~~~~~~~~~~~~ ~~~~
1 warning generated.
configure:4470: $? = 0
configure:4477: result: yes
configure:4488: checking for log1p
configure:4504: /home/adminbrad/prog/vic20/emsdk/upstream/emscripten/em++ -c -g -Wall -O3 -march=native -ffast-math -fno-exceptions  conftest.cpp >&5
configure:4504: $? = 0
configure:4511: result: yes
configure:4669: checking that generated files are newer than configure
configure:4675: result: done
configure:4702: creating ./config.status

## ---------------------- ##
## Running config.status. ##
## ---------------------- ##

This file was extended by reSID config.status 1.0-pre2, which was
generated by GNU Autoconf 2.69.  Invocation command line was

  CONFIG_FILES    = 
  CONFIG_HEADERS  = 
  CONFIG_LINKS    = 
  CONFIG_COMMANDS = 
  $ ./config.status 

on adminbrad-VirtualBox

config.status:798: creating Makefile
config.status:798: creating siddefs.h
config.status:970: executing depfiles commands

## ---------------- ##
## Cache variables. ##
## ---------------- ##

ac_cv_build=x86_64-pc-linux-gnu
ac_cv_cxx_compiler_gnu=yes
ac_cv_env_CCC_set=
ac_cv_env_CCC_value=
ac_cv_env_CPPFLAGS_set=
ac_cv_env_CPPFLAGS_value=
ac_cv_env_CXXCPP_set=
ac_cv_env_CXXCPP_value=
ac_cv_env_CXXFLAGS_set=
ac_cv_env_CXXFLAGS_value=
ac_cv_env_CXX_set=set
ac_cv_env_CXX_value=/home/adminbrad/prog/vic20/emsdk/upstream/emscripten/em++
ac_cv_env_LDFLAGS_set=
ac_cv_env_LDFLAGS_value=
ac_cv_env_LIBS_set=
ac_cv_env_LIBS_value=
ac_cv_env_build_alias_set=
ac_cv_env_build_alias_value=
ac_cv_env_host_alias_set=
ac_cv_env_host_alias_value=
ac_cv_env_target_alias_set=set
ac_cv_env_target_alias_value=wasm32-unknown-emscripten
ac_cv_header_inttypes_h=yes
ac_cv_header_math_h=yes
ac_cv_header_memory_h=yes
ac_cv_header_stdc=yes
ac_cv_header_stdint_h=yes
ac_cv_header_stdlib_h=yes
ac_cv_header_string_h=yes
ac_cv_header_strings_h=yes
ac_cv_header_sys_stat_h=yes
ac_cv_header_sys_types_h=yes
ac_cv_header_unistd_h=yes
ac_cv_host=x86_64-pc-linux-gnu
ac_cv_objext=o
ac_cv_path_EGREP='/bin/grep -E'
ac_cv_path_GREP=/bin/grep
ac_cv_path_PERL=/usr/bin/perl
ac_cv_path_install='/usr/bin/install -c'
ac_cv_path_mkdir=/bin/mkdir
ac_cv_prog_AR=/home/adminbrad/prog/vic20/emsdk/upstream/emscripten/emar
ac_cv_prog_AWK=mawk
ac_cv_prog_CXXCPP='/home/adminbrad/prog/vic20/emsdk/upstream/emscripten/em++ -E'
ac_cv_prog_ac_ct_RANLIB=/home/adminbrad/prog/vic20/emsdk/upstream/emscripten/emranlib
ac_cv_prog_cxx_g=yes
ac_cv_prog_make_make_set=yes
ac_cv_sizeof_int=4
am_cv_CXX_dependencies_compiler_type=gcc3
am_cv_make_support_nested_variables=yes
resid_cv_builtin_expect=yes
resid_cv_cxx_bool=yes
resid_cv_log1p=yes

## ----------------- ##
## Output variables. ##
## ----------------- ##

ACLOCAL='${SHELL} /home/adminbrad/prog/vic20/vice3.4.js/missing aclocal-1.15'
AMDEPBACKSLASH='\'
AMDEP_FALSE='#'
AMDEP_TRUE=''
AMTAR='$${TAR-tar}'
AM_BACKSLASH='\'
AM_DEFAULT_V='$(AM_DEFAULT_VERBOSITY)'
AM_DEFAULT_VERBOSITY='1'
AM_V='$(V)'
AR='/home/adminbrad/prog/vic20/emsdk/upstream/emscripten/emar'
AUTOCONF='${SHELL} /home/adminbrad/prog/vic20/vice3.4.js/missing autoconf'
AUTOHEADER='${SHELL} /home/adminbrad/prog/vic20/vice3.4.js/missing autoheader'
AUTOMAKE='${SHELL} /home/adminbrad/prog/vic20/vice3.4.js/missing automake-1.15'
AWK='mawk'
CPPFLAGS=''
CXX='/home/adminbrad/prog/vic20/emsdk/upstream/emscripten/em++'
CXXCPP='/home/adminbrad/prog/vic20/emsdk/upstream/emscripten/em++ -E'
CXXDEPMODE='depmode=gcc3'
CXXFLAGS='-g -Wall -O3 -march=native -ffast-math -fno-exceptions'
CYGPATH_W='echo'
DEFS='-DPACKAGE_NAME=\"reSID\" -DPACKAGE_TARNAME=\"resid\" -DPACKAGE_VERSION=\"1.0-pre2\" -DPACKAGE_STRING=\"reSID\ 1.0-pre2\" -DPACKAGE_BUGREPORT=\"resid@nimrod.no\" -DPACKAGE_URL=\"\" -DPACKAGE=\"resid\" -DVERSION=\"1.0-pre2\" -DSTDC_HEADERS=1 -DHAVE_SYS_TYPES_H=1 -DHAVE_SYS_STAT_H=1 -DHAVE_STDLIB_H=1 -DHAVE_STRING_H=1 -DHAVE_MEMORY_H=1 -DHAVE_STRINGS_H=1 -DHAVE_INTTYPES_H=1 -DHAVE_STDINT_H=1 -DHAVE_UNISTD_H=1 -DSIZEOF_INT=4'
DEPDIR='.deps'
ECHO_C=''
ECHO_N='-n'
ECHO_T=''
EGREP='/bin/grep -E'
EXEEXT=''
GREP='/bin/grep'
HAVE_BOOL='1'
HAVE_BUILTIN_EXPECT='1'
HAVE_LOG1P='1'
INSTALL_DATA='${INSTALL} -m 644'
INSTALL_PROGRAM='${INSTALL}'
INSTALL_SCRIPT='${INSTALL}'
INSTALL_STRIP_PROGRAM='$(install_sh) -c -s'
LDFLAGS=''
LIBOBJS=''
LIBS=''
LTLIBOBJS=''
MAKEINFO='${SHELL} /home/adminbrad/prog/vic20/vice3.4.js/missing makeinfo'
MKDIR_P='/bin/mkdir -p'
NEW_8580_FILTER='0'
NEW_8580_FILTER_FALSE=''
NEW_8580_FILTER_TRUE='#'
OBJEXT='o'
PACKAGE='resid'
PACKAGE_BUGREPORT='resid@nimrod.no'
PACKAGE_NAME='reSID'
PACKAGE_STRING='reSID 1.0-pre2'
PACKAGE_TARNAME='resid'
PACKAGE_URL=''
PACKAGE_VERSION='1.0-pre2'
PATH_SEPARATOR=':'
PERL='/usr/bin/perl'
RANLIB='/home/adminbrad/prog/vic20/emsdk/upstream/emscripten/emranlib'
RESID_BRANCH_HINTS='1'
RESID_INLINE='inline'
RESID_INLINING='1'
SET_MAKE=''
SHELL='/bin/bash'
STRIP=''
VERSION='1.0-pre2'
ac_ct_CXX=''
am__EXEEXT_FALSE=''
am__EXEEXT_TRUE='#'
am__fastdepCXX_FALSE='#'
am__fastdepCXX_TRUE=''
am__include='include'
am__isrc=''
am__leading_dot='.'
am__nodep='_no'
am__quote=''
am__tar='$${TAR-tar} chof - "$$tardir"'
am__untar='$${TAR-tar} xf -'
bindir='${exec_prefix}/bin'
build='x86_64-pc-linux-gnu'
build_alias=''
build_cpu='x86_64'
build_os='linux-gnu'
build_vendor='pc'
datadir='${datarootdir}'
datarootdir='${prefix}/share'
docdir='${datarootdir}/doc/${PACKAGE_TARNAME}'
dvidir='${docdir}'
exec_prefix='${prefix}'
host='x86_64-pc-linux-gnu'
host_alias=''
host_cpu='x86_64'
host_os='linux-gnu'
host_vendor='pc'
htmldir='${docdir}'
includedir='${prefix}/include'
infodir='${datarootdir}/info'
install_sh='${SHELL} /home/adminbrad/prog/vic20/vice3.4.js/install-sh'
libdir='${exec_prefix}/lib'
libexecdir='${exec_prefix}/libexec'
localedir='${datarootdir}/locale'
localstatedir='${prefix}/var'
mandir='${datarootdir}/man'
mkdir_p='$(MKDIR_P)'
oldincludedir='/usr/include'
pdfdir='${docdir}'
prefix='/usr/local'
program_transform_name='s,x,x,'
psdir='${docdir}'
runstatedir='${localstatedir}/run'
sbindir='${exec_prefix}/sbin'
sharedstatedir='${prefix}/com'
sysconfdir='${prefix}/etc'
target_alias='wasm32-unknown-emscripten'

## ----------- ##
## confdefs.h. ##
## ----------- ##

/* confdefs.h */
#define PACKAGE_NAME "reSID"
#define PACKAGE_TARNAME "resid"
#define PACKAGE_VERSION "1.0-pre2"
#define PACKAGE_STRING "reSID 1.0-pre2"
#define PACKAGE_BUGREPORT "resid@nimrod.no"
#define PACKAGE_URL ""
#define PACKAGE "resid"
#define VERSION "1.0-pre2"
#define STDC_HEADERS 1
#define HAVE_SYS_TYPES_H 1
#define HAVE_SYS_STAT_H 1
#define HAVE_STDLIB_H 1
#define HAVE_STRING_H 1
#define HAVE_MEMORY_H 1
#define HAVE_STRINGS_H 1
#define HAVE_INTTYPES_H 1
#define HAVE_STDINT_H 1
#define HAVE_UNISTD_H 1
#define SIZEOF_INT 4

configure: exit 0
